<?xml version="1.0" encoding="UTF-8"?>
<testsuite name="com.Helevator.ads.sets.OperatorsTests" tests="3" skipped="0" failures="0" errors="0" timestamp="2021-08-08T20:51:23" hostname="dreed-pc" time="0.004">
  <properties/>
  <testcase name="testGetUnion()" classname="com.Helevator.ads.sets.OperatorsTests" time="0.002"/>
  <testcase name="testGetSymmetricalDifference()" classname="com.Helevator.ads.sets.OperatorsTests" time="0.0"/>
  <testcase name="testGetIntersection()" classname="com.Helevator.ads.sets.OperatorsTests" time="0.0"/>
  <system-out><![CDATA[]]></system-out>
  <system-err><![CDATA[]]></system-err>
</testsuite>
