<?xml version="1.0" encoding="UTF-8"?>
<testsuite name="com.Helevator.ads.queues.ArrayListQueue.CustomArrayListArrayListQueueTest" tests="5" skipped="0" failures="0" errors="0" timestamp="2021-08-08T20:51:23" hostname="dreed-pc" time="0.004">
  <properties/>
  <testcase name="testPeekShouldReturnFirst()" classname="com.Helevator.ads.queues.ArrayListQueue.CustomArrayListArrayListQueueTest" time="0.001"/>
  <testcase name="testAddShouldIncreaseSize()" classname="com.Helevator.ads.queues.ArrayListQueue.CustomArrayListArrayListQueueTest" time="0.001"/>
  <testcase name="testPollShouldReturnZeroIfQueueIsEmpty()" classname="com.Helevator.ads.queues.ArrayListQueue.CustomArrayListArrayListQueueTest" time="0.001"/>
  <testcase name="testSizeShouldReturnCorrectly()" classname="com.Helevator.ads.queues.ArrayListQueue.CustomArrayListArrayListQueueTest" time="0.0"/>
  <testcase name="testPollShouldRemoveAndReturnFirst()" classname="com.Helevator.ads.queues.ArrayListQueue.CustomArrayListArrayListQueueTest" time="0.0"/>
  <system-out><![CDATA[]]></system-out>
  <system-err><![CDATA[]]></system-err>
</testsuite>
