<?xml version="1.0" encoding="UTF-8"?>
<testsuite name="com.Helevator.ads.fibonacci.FibonacciMemoizationTests" tests="1" skipped="0" failures="0" errors="0" timestamp="2021-08-08T20:51:23" hostname="dreed-pc" time="0.001">
  <properties/>
  <testcase name="testRecursiveFibonacciWorksCorrectly()" classname="com.Helevator.ads.fibonacci.FibonacciMemoizationTests" time="0.001"/>
  <system-out><![CDATA[]]></system-out>
  <system-err><![CDATA[]]></system-err>
</testsuite>
