<?xml version="1.0" encoding="UTF-8"?>
<testsuite name="com.helevator.Facade.impl.commands.HelpTest" tests="1" skipped="0" failures="0" errors="0" timestamp="2021-08-08T20:51:26" hostname="dreed-pc" time="0.002">
  <properties/>
  <testcase name="testHelpWorksCorrectly()" classname="com.helevator.Facade.impl.commands.HelpTest" time="0.002"/>
  <system-out><![CDATA[]]></system-out>
  <system-err><![CDATA[]]></system-err>
</testsuite>
