<?xml version="1.0" encoding="UTF-8"?>
<testsuite name="com.helevator.Facade.impl.factory.VariableFactoryTest" tests="5" skipped="0" failures="0" errors="0" timestamp="2021-08-08T20:51:26" hostname="dreed-pc" time="0.021">
  <properties/>
  <testcase name="testCreateStringVariable()" classname="com.helevator.Facade.impl.factory.VariableFactoryTest" time="0.015"/>
  <testcase name="testCreateIntegerVariable()" classname="com.helevator.Facade.impl.factory.VariableFactoryTest" time="0.0"/>
  <testcase name="testCreateShouldThrowAnErrorWhenEnteredNullValue()" classname="com.helevator.Facade.impl.factory.VariableFactoryTest" time="0.001"/>
  <testcase name="testCreateNumberVariableWithWrongType()" classname="com.helevator.Facade.impl.factory.VariableFactoryTest" time="0.001"/>
  <testcase name="testCreateShouldThrowAnErrorWhenEnteredInvalidType()" classname="com.helevator.Facade.impl.factory.VariableFactoryTest" time="0.001"/>
  <system-out><![CDATA[]]></system-out>
  <system-err><![CDATA[]]></system-err>
</testsuite>
