<?xml version="1.0" encoding="UTF-8"?>
<testsuite name="com.helevator.Facade.impl.commands.GetAllVariablesTest" tests="2" skipped="0" failures="0" errors="0" timestamp="2021-08-08T20:51:26" hostname="dreed-pc" time="0.003">
  <properties/>
  <testcase name="testGetShouldThrowWhenNoVariablesStores()" classname="com.helevator.Facade.impl.commands.GetAllVariablesTest" time="0.001"/>
  <testcase name="testGetShouldReturnAllStoredVariables()" classname="com.helevator.Facade.impl.commands.GetAllVariablesTest" time="0.001"/>
  <system-out><![CDATA[]]></system-out>
  <system-err><![CDATA[]]></system-err>
</testsuite>
