<?xml version="1.0" encoding="UTF-8"?>
<testsuite name="com.Helevator.oop.DateTask.DateUtilTests" tests="4" skipped="0" failures="0" errors="0" timestamp="2021-08-10T10:50:33" hostname="dreed-pc" time="0.033">
  <properties/>
  <testcase name="testInvalidDate()" classname="com.Helevator.oop.DateTask.DateUtilTests" time="0.027"/>
  <testcase name="testInvalidNullDate()" classname="com.Helevator.oop.DateTask.DateUtilTests" time="0.001"/>
  <testcase name="testInvalidEmptyDate()" classname="com.Helevator.oop.DateTask.DateUtilTests" time="0.0"/>
  <testcase name="testWorkingCorrectly()" classname="com.Helevator.oop.DateTask.DateUtilTests" time="0.002"/>
  <system-out><![CDATA[]]></system-out>
  <system-err><![CDATA[]]></system-err>
</testsuite>
