<?xml version="1.0" encoding="UTF-8"?>
<testsuite name="com.helevator.HelloWorldTest" tests="1" skipped="0" failures="0" errors="0" timestamp="2021-08-08T20:51:27" hostname="dreed-pc" time="0.027">
  <properties/>
  <testcase name="testSayHello()" classname="com.helevator.HelloWorldTest" time="0.027"/>
  <system-out><![CDATA[]]></system-out>
  <system-err><![CDATA[]]></system-err>
</testsuite>
