<?xml version="1.0" encoding="UTF-8"?>
<testsuite name="com.helecloud.Controllers.DepartmentControllerIntegratedTest" tests="5" skipped="0" failures="0" errors="0" timestamp="2021-08-10T16:44:02" hostname="dreed-pc" time="0.2">
  <properties/>
  <testcase name="getByIdShouldWorkCorrectly()" classname="com.helecloud.Controllers.DepartmentControllerIntegratedTest" time="0.034"/>
  <testcase name="deleteShouldReturnAnErrorIfNotFound()" classname="com.helecloud.Controllers.DepartmentControllerIntegratedTest" time="0.019"/>
  <testcase name="getByIdShouldReturnAnErrorIfNotFound()" classname="com.helecloud.Controllers.DepartmentControllerIntegratedTest" time="0.017"/>
  <testcase name="getAllShouldReturnAll()" classname="com.helecloud.Controllers.DepartmentControllerIntegratedTest" time="0.021"/>
  <testcase name="deleteShouldWorkCorrectly()" classname="com.helecloud.Controllers.DepartmentControllerIntegratedTest" time="0.023"/>
  <system-out><![CDATA[2021-08-10 19:44:02.773  INFO 130698 --- [    Test worker] .b.t.c.SpringBootTestContextBootstrapper : Neither @ContextConfiguration nor @ContextHierarchy found for test class [com.helecloud.Controllers.DepartmentControllerIntegratedTest], using SpringBootContextLoader
2021-08-10 19:44:02.774  INFO 130698 --- [    Test worker] o.s.t.c.support.AbstractContextLoader    : Could not detect default resource locations for test class [com.helecloud.Controllers.DepartmentControllerIntegratedTest]: no resource found for suffixes {-context.xml, Context.groovy}.
2021-08-10 19:44:02.774  INFO 130698 --- [    Test worker] t.c.s.AnnotationConfigContextLoaderUtils : Could not detect default configuration classes for test class [com.helecloud.Controllers.DepartmentControllerIntegratedTest]: DepartmentControllerIntegratedTest does not declare any static, non-private, non-final, nested classes annotated with @Configuration.
2021-08-10 19:44:02.777  INFO 130698 --- [    Test worker] .b.t.c.SpringBootTestContextBootstrapper : Found @SpringBootConfiguration com.helecloud.Application for test class com.helecloud.Controllers.DepartmentControllerIntegratedTest
2021-08-10 19:44:02.780  INFO 130698 --- [    Test worker] .b.t.c.SpringBootTestContextBootstrapper : Loaded default TestExecutionListener class names from location [META-INF/spring.factories]: [org.springframework.boot.test.autoconfigure.restdocs.RestDocsTestExecutionListener, org.springframework.boot.test.autoconfigure.web.client.MockRestServiceServerResetTestExecutionListener, org.springframework.boot.test.autoconfigure.web.servlet.MockMvcPrintOnlyOnFailureTestExecutionListener, org.springframework.boot.test.autoconfigure.web.servlet.WebDriverTestExecutionListener, org.springframework.boot.test.autoconfigure.webservices.client.MockWebServiceServerTestExecutionListener, org.springframework.boot.test.mock.mockito.MockitoTestExecutionListener, org.springframework.boot.test.mock.mockito.ResetMocksTestExecutionListener, org.springframework.test.context.web.ServletTestExecutionListener, org.springframework.test.context.support.DirtiesContextBeforeModesTestExecutionListener, org.springframework.test.context.event.ApplicationEventsTestExecutionListener, org.springframework.test.context.support.DependencyInjectionTestExecutionListener, org.springframework.test.context.support.DirtiesContextTestExecutionListener, org.springframework.test.context.transaction.TransactionalTestExecutionListener, org.springframework.test.context.jdbc.SqlScriptsTestExecutionListener, org.springframework.test.context.event.EventPublishingTestExecutionListener]
2021-08-10 19:44:02.780  INFO 130698 --- [    Test worker] .b.t.c.SpringBootTestContextBootstrapper : Using TestExecutionListeners: [org.springframework.test.context.web.ServletTestExecutionListener@7227513b, org.springframework.test.context.support.DirtiesContextBeforeModesTestExecutionListener@79fe541, org.springframework.test.context.event.ApplicationEventsTestExecutionListener@46b7936b, org.springframework.boot.test.mock.mockito.MockitoTestExecutionListener@141b4424, org.springframework.boot.test.autoconfigure.SpringBootDependencyInjectionTestExecutionListener@5cfd6115, org.springframework.test.context.support.DirtiesContextTestExecutionListener@24303226, org.springframework.test.context.transaction.TransactionalTestExecutionListener@5e66d100, org.springframework.test.context.jdbc.SqlScriptsTestExecutionListener@1092848c, org.springframework.test.context.event.EventPublishingTestExecutionListener@27d0aa42, org.springframework.boot.test.autoconfigure.restdocs.RestDocsTestExecutionListener@2d40d9c, org.springframework.boot.test.autoconfigure.web.client.MockRestServiceServerResetTestExecutionListener@6a522217, org.springframework.boot.test.autoconfigure.web.servlet.MockMvcPrintOnlyOnFailureTestExecutionListener@6ee06d35, org.springframework.boot.test.autoconfigure.web.servlet.WebDriverTestExecutionListener@4cc04811, org.springframework.boot.test.autoconfigure.webservices.client.MockWebServiceServerTestExecutionListener@6e5a14f8, org.springframework.boot.test.mock.mockito.ResetMocksTestExecutionListener@1563c1be]
]]></system-out>
  <system-err><![CDATA[]]></system-err>
</testsuite>
