<?xml version="1.0" encoding="UTF-8"?>
<testsuite name="com.helecloud.Services.Employee.EmployeeServiceImplTest" tests="6" skipped="0" failures="0" errors="0" timestamp="2021-08-10T16:44:01" hostname="dreed-pc" time="0.12">
  <properties/>
  <testcase name="getAll()" classname="com.helecloud.Services.Employee.EmployeeServiceImplTest" time="0.01"/>
  <testcase name="update()" classname="com.helecloud.Services.Employee.EmployeeServiceImplTest" time="0.006"/>
  <testcase name="getById()" classname="com.helecloud.Services.Employee.EmployeeServiceImplTest" time="0.005"/>
  <testcase name="save()" classname="com.helecloud.Services.Employee.EmployeeServiceImplTest" time="0.005"/>
  <testcase name="getByIdShouldThrowAnErrorIfCarNotFound()" classname="com.helecloud.Services.Employee.EmployeeServiceImplTest" time="0.005"/>
  <testcase name="deleteShouldWorkCorrectly()" classname="com.helecloud.Services.Employee.EmployeeServiceImplTest" time="0.005"/>
  <system-out><![CDATA[2021-08-10 19:44:01.058  INFO 130698 --- [    Test worker] .b.t.c.SpringBootTestContextBootstrapper : Neither @ContextConfiguration nor @ContextHierarchy found for test class [com.helecloud.Services.Employee.EmployeeServiceImplTest], using SpringBootContextLoader
2021-08-10 19:44:01.059  INFO 130698 --- [    Test worker] o.s.t.c.support.AbstractContextLoader    : Could not detect default resource locations for test class [com.helecloud.Services.Employee.EmployeeServiceImplTest]: no resource found for suffixes {-context.xml, Context.groovy}.
2021-08-10 19:44:01.060  INFO 130698 --- [    Test worker] t.c.s.AnnotationConfigContextLoaderUtils : Could not detect default configuration classes for test class [com.helecloud.Services.Employee.EmployeeServiceImplTest]: EmployeeServiceImplTest does not declare any static, non-private, non-final, nested classes annotated with @Configuration.
2021-08-10 19:44:01.064  INFO 130698 --- [    Test worker] .b.t.c.SpringBootTestContextBootstrapper : Found @SpringBootConfiguration com.helecloud.Application for test class com.helecloud.Services.Employee.EmployeeServiceImplTest
2021-08-10 19:44:01.066  INFO 130698 --- [    Test worker] .b.t.c.SpringBootTestContextBootstrapper : Loaded default TestExecutionListener class names from location [META-INF/spring.factories]: [org.springframework.boot.test.autoconfigure.restdocs.RestDocsTestExecutionListener, org.springframework.boot.test.autoconfigure.web.client.MockRestServiceServerResetTestExecutionListener, org.springframework.boot.test.autoconfigure.web.servlet.MockMvcPrintOnlyOnFailureTestExecutionListener, org.springframework.boot.test.autoconfigure.web.servlet.WebDriverTestExecutionListener, org.springframework.boot.test.autoconfigure.webservices.client.MockWebServiceServerTestExecutionListener, org.springframework.boot.test.mock.mockito.MockitoTestExecutionListener, org.springframework.boot.test.mock.mockito.ResetMocksTestExecutionListener, org.springframework.test.context.web.ServletTestExecutionListener, org.springframework.test.context.support.DirtiesContextBeforeModesTestExecutionListener, org.springframework.test.context.event.ApplicationEventsTestExecutionListener, org.springframework.test.context.support.DependencyInjectionTestExecutionListener, org.springframework.test.context.support.DirtiesContextTestExecutionListener, org.springframework.test.context.transaction.TransactionalTestExecutionListener, org.springframework.test.context.jdbc.SqlScriptsTestExecutionListener, org.springframework.test.context.event.EventPublishingTestExecutionListener]
2021-08-10 19:44:01.066  INFO 130698 --- [    Test worker] .b.t.c.SpringBootTestContextBootstrapper : Using TestExecutionListeners: [org.springframework.test.context.web.ServletTestExecutionListener@4f565cdc, org.springframework.test.context.support.DirtiesContextBeforeModesTestExecutionListener@4c79412a, org.springframework.test.context.event.ApplicationEventsTestExecutionListener@1c33f13e, org.springframework.boot.test.mock.mockito.MockitoTestExecutionListener@5690308a, org.springframework.boot.test.autoconfigure.SpringBootDependencyInjectionTestExecutionListener@2bdd2638, org.springframework.test.context.support.DirtiesContextTestExecutionListener@2dab4278, org.springframework.test.context.transaction.TransactionalTestExecutionListener@2e12fcf2, org.springframework.test.context.jdbc.SqlScriptsTestExecutionListener@79518dda, org.springframework.test.context.event.EventPublishingTestExecutionListener@3b7f882e, org.springframework.boot.test.autoconfigure.restdocs.RestDocsTestExecutionListener@4cb0a5bb, org.springframework.boot.test.autoconfigure.web.client.MockRestServiceServerResetTestExecutionListener@75fc25b3, org.springframework.boot.test.autoconfigure.web.servlet.MockMvcPrintOnlyOnFailureTestExecutionListener@36498b, org.springframework.boot.test.autoconfigure.web.servlet.WebDriverTestExecutionListener@474f9f5b, org.springframework.boot.test.autoconfigure.webservices.client.MockWebServiceServerTestExecutionListener@e9b6774, org.springframework.boot.test.mock.mockito.ResetMocksTestExecutionListener@1ade1aa9]
]]></system-out>
  <system-err><![CDATA[]]></system-err>
</testsuite>
