<?xml version="1.0" encoding="UTF-8"?>
<testsuite name="com.helecloud.Services.Department.DepartmentServiceImplTest" tests="6" skipped="0" failures="0" errors="0" timestamp="2021-08-10T16:44:00" hostname="dreed-pc" time="0.29">
  <properties/>
  <testcase name="getAll()" classname="com.helecloud.Services.Department.DepartmentServiceImplTest" time="0.028"/>
  <testcase name="update()" classname="com.helecloud.Services.Department.DepartmentServiceImplTest" time="0.026"/>
  <testcase name="getById()" classname="com.helecloud.Services.Department.DepartmentServiceImplTest" time="0.021"/>
  <testcase name="save()" classname="com.helecloud.Services.Department.DepartmentServiceImplTest" time="0.019"/>
  <testcase name="getByIdShouldThrowAnErrorIfCarNotFound()" classname="com.helecloud.Services.Department.DepartmentServiceImplTest" time="0.016"/>
  <testcase name="deleteShouldWorkCorrectly()" classname="com.helecloud.Services.Department.DepartmentServiceImplTest" time="0.024"/>
  <system-out><![CDATA[2021-08-10 19:44:00.692  INFO 130698 --- [    Test worker] .b.t.c.SpringBootTestContextBootstrapper : Neither @ContextConfiguration nor @ContextHierarchy found for test class [com.helecloud.Services.Department.DepartmentServiceImplTest], using SpringBootContextLoader
2021-08-10 19:44:00.693  INFO 130698 --- [    Test worker] o.s.t.c.support.AbstractContextLoader    : Could not detect default resource locations for test class [com.helecloud.Services.Department.DepartmentServiceImplTest]: no resource found for suffixes {-context.xml, Context.groovy}.
2021-08-10 19:44:00.693  INFO 130698 --- [    Test worker] t.c.s.AnnotationConfigContextLoaderUtils : Could not detect default configuration classes for test class [com.helecloud.Services.Department.DepartmentServiceImplTest]: DepartmentServiceImplTest does not declare any static, non-private, non-final, nested classes annotated with @Configuration.
2021-08-10 19:44:00.698  INFO 130698 --- [    Test worker] .b.t.c.SpringBootTestContextBootstrapper : Found @SpringBootConfiguration com.helecloud.Application for test class com.helecloud.Services.Department.DepartmentServiceImplTest
2021-08-10 19:44:00.700  INFO 130698 --- [    Test worker] .b.t.c.SpringBootTestContextBootstrapper : Loaded default TestExecutionListener class names from location [META-INF/spring.factories]: [org.springframework.boot.test.autoconfigure.restdocs.RestDocsTestExecutionListener, org.springframework.boot.test.autoconfigure.web.client.MockRestServiceServerResetTestExecutionListener, org.springframework.boot.test.autoconfigure.web.servlet.MockMvcPrintOnlyOnFailureTestExecutionListener, org.springframework.boot.test.autoconfigure.web.servlet.WebDriverTestExecutionListener, org.springframework.boot.test.autoconfigure.webservices.client.MockWebServiceServerTestExecutionListener, org.springframework.boot.test.mock.mockito.MockitoTestExecutionListener, org.springframework.boot.test.mock.mockito.ResetMocksTestExecutionListener, org.springframework.test.context.web.ServletTestExecutionListener, org.springframework.test.context.support.DirtiesContextBeforeModesTestExecutionListener, org.springframework.test.context.event.ApplicationEventsTestExecutionListener, org.springframework.test.context.support.DependencyInjectionTestExecutionListener, org.springframework.test.context.support.DirtiesContextTestExecutionListener, org.springframework.test.context.transaction.TransactionalTestExecutionListener, org.springframework.test.context.jdbc.SqlScriptsTestExecutionListener, org.springframework.test.context.event.EventPublishingTestExecutionListener]
2021-08-10 19:44:00.701  INFO 130698 --- [    Test worker] .b.t.c.SpringBootTestContextBootstrapper : Using TestExecutionListeners: [org.springframework.test.context.web.ServletTestExecutionListener@67887346, org.springframework.test.context.support.DirtiesContextBeforeModesTestExecutionListener@5db6da2b, org.springframework.test.context.event.ApplicationEventsTestExecutionListener@4aa1e7e1, org.springframework.boot.test.mock.mockito.MockitoTestExecutionListener@38fde9ef, org.springframework.boot.test.autoconfigure.SpringBootDependencyInjectionTestExecutionListener@1c4bbff5, org.springframework.test.context.support.DirtiesContextTestExecutionListener@77c749d5, org.springframework.test.context.transaction.TransactionalTestExecutionListener@321c3623, org.springframework.test.context.jdbc.SqlScriptsTestExecutionListener@6579131e, org.springframework.test.context.event.EventPublishingTestExecutionListener@240cac53, org.springframework.boot.test.autoconfigure.restdocs.RestDocsTestExecutionListener@69c8c0e6, org.springframework.boot.test.autoconfigure.web.client.MockRestServiceServerResetTestExecutionListener@3ab64ed2, org.springframework.boot.test.autoconfigure.web.servlet.MockMvcPrintOnlyOnFailureTestExecutionListener@177a5b79, org.springframework.boot.test.autoconfigure.web.servlet.WebDriverTestExecutionListener@565513f1, org.springframework.boot.test.autoconfigure.webservices.client.MockWebServiceServerTestExecutionListener@79b5362d, org.springframework.boot.test.mock.mockito.ResetMocksTestExecutionListener@717d3717]
]]></system-out>
  <system-err><![CDATA[]]></system-err>
</testsuite>
