<?xml version="1.0" encoding="UTF-8"?>
<testsuite name="com.helecloud.Services.Car.CarServiceImplTest" tests="6" skipped="0" failures="0" errors="0" timestamp="2021-08-10T16:44:00" hostname="dreed-pc" time="0.531">
  <properties/>
  <testcase name="getAll()" classname="com.helecloud.Services.Car.CarServiceImplTest" time="0.366"/>
  <testcase name="update()" classname="com.helecloud.Services.Car.CarServiceImplTest" time="0.031"/>
  <testcase name="getById()" classname="com.helecloud.Services.Car.CarServiceImplTest" time="0.026"/>
  <testcase name="save()" classname="com.helecloud.Services.Car.CarServiceImplTest" time="0.024"/>
  <testcase name="getByIdShouldThrowAnErrorIfCarNotFound()" classname="com.helecloud.Services.Car.CarServiceImplTest" time="0.024"/>
  <testcase name="deleteShouldWorkCorrectly()" classname="com.helecloud.Services.Car.CarServiceImplTest" time="0.026"/>
  <system-out><![CDATA[19:43:54.245 [Test worker] DEBUG org.springframework.test.context.BootstrapUtils - Instantiating CacheAwareContextLoaderDelegate from class [org.springframework.test.context.cache.DefaultCacheAwareContextLoaderDelegate]
19:43:54.277 [Test worker] DEBUG org.springframework.test.context.BootstrapUtils - Instantiating BootstrapContext using constructor [public org.springframework.test.context.support.DefaultBootstrapContext(java.lang.Class,org.springframework.test.context.CacheAwareContextLoaderDelegate)]
19:43:54.360 [Test worker] DEBUG org.springframework.test.context.BootstrapUtils - Instantiating TestContextBootstrapper for test class [com.helecloud.Services.Car.CarServiceImplTest] from class [org.springframework.boot.test.context.SpringBootTestContextBootstrapper]
19:43:54.375 [Test worker] INFO org.springframework.boot.test.context.SpringBootTestContextBootstrapper - Neither @ContextConfiguration nor @ContextHierarchy found for test class [com.helecloud.Services.Car.CarServiceImplTest], using SpringBootContextLoader
19:43:54.381 [Test worker] DEBUG org.springframework.test.context.support.AbstractContextLoader - Did not detect default resource location for test class [com.helecloud.Services.Car.CarServiceImplTest]: class path resource [com/helecloud/Services/Car/CarServiceImplTest-context.xml] does not exist
19:43:54.382 [Test worker] DEBUG org.springframework.test.context.support.AbstractContextLoader - Did not detect default resource location for test class [com.helecloud.Services.Car.CarServiceImplTest]: class path resource [com/helecloud/Services/Car/CarServiceImplTestContext.groovy] does not exist
19:43:54.382 [Test worker] INFO org.springframework.test.context.support.AbstractContextLoader - Could not detect default resource locations for test class [com.helecloud.Services.Car.CarServiceImplTest]: no resource found for suffixes {-context.xml, Context.groovy}.
19:43:54.384 [Test worker] INFO org.springframework.test.context.support.AnnotationConfigContextLoaderUtils - Could not detect default configuration classes for test class [com.helecloud.Services.Car.CarServiceImplTest]: CarServiceImplTest does not declare any static, non-private, non-final, nested classes annotated with @Configuration.
19:43:54.437 [Test worker] DEBUG org.springframework.test.context.support.ActiveProfilesUtils - Could not find an 'annotation declaring class' for annotation type [org.springframework.test.context.ActiveProfiles] and class [com.helecloud.Services.Car.CarServiceImplTest]
19:43:54.514 [Test worker] DEBUG org.springframework.context.annotation.ClassPathScanningCandidateComponentProvider - Identified candidate component class: file [/home/dreed657/dev/helevator_2021/Stoyan/springDemo/build/classes/java/main/com/helecloud/Application.class]
19:43:54.515 [Test worker] INFO org.springframework.boot.test.context.SpringBootTestContextBootstrapper - Found @SpringBootConfiguration com.helecloud.Application for test class com.helecloud.Services.Car.CarServiceImplTest
19:43:54.631 [Test worker] DEBUG org.springframework.boot.test.context.SpringBootTestContextBootstrapper - @TestExecutionListeners is not present for class [com.helecloud.Services.Car.CarServiceImplTest]: using defaults.
19:43:54.632 [Test worker] INFO org.springframework.boot.test.context.SpringBootTestContextBootstrapper - Loaded default TestExecutionListener class names from location [META-INF/spring.factories]: [org.springframework.boot.test.autoconfigure.restdocs.RestDocsTestExecutionListener, org.springframework.boot.test.autoconfigure.web.client.MockRestServiceServerResetTestExecutionListener, org.springframework.boot.test.autoconfigure.web.servlet.MockMvcPrintOnlyOnFailureTestExecutionListener, org.springframework.boot.test.autoconfigure.web.servlet.WebDriverTestExecutionListener, org.springframework.boot.test.autoconfigure.webservices.client.MockWebServiceServerTestExecutionListener, org.springframework.boot.test.mock.mockito.MockitoTestExecutionListener, org.springframework.boot.test.mock.mockito.ResetMocksTestExecutionListener, org.springframework.test.context.web.ServletTestExecutionListener, org.springframework.test.context.support.DirtiesContextBeforeModesTestExecutionListener, org.springframework.test.context.event.ApplicationEventsTestExecutionListener, org.springframework.test.context.support.DependencyInjectionTestExecutionListener, org.springframework.test.context.support.DirtiesContextTestExecutionListener, org.springframework.test.context.transaction.TransactionalTestExecutionListener, org.springframework.test.context.jdbc.SqlScriptsTestExecutionListener, org.springframework.test.context.event.EventPublishingTestExecutionListener]
19:43:54.658 [Test worker] INFO org.springframework.boot.test.context.SpringBootTestContextBootstrapper - Using TestExecutionListeners: [org.springframework.test.context.web.ServletTestExecutionListener@3b47c3c5, org.springframework.test.context.support.DirtiesContextBeforeModesTestExecutionListener@55a2927d, org.springframework.test.context.event.ApplicationEventsTestExecutionListener@8f8a13d, org.springframework.boot.test.mock.mockito.MockitoTestExecutionListener@6381a32, org.springframework.boot.test.autoconfigure.SpringBootDependencyInjectionTestExecutionListener@3e4b8db, org.springframework.test.context.support.DirtiesContextTestExecutionListener@4214f3a0, org.springframework.test.context.transaction.TransactionalTestExecutionListener@fa85396, org.springframework.test.context.jdbc.SqlScriptsTestExecutionListener@490721db, org.springframework.test.context.event.EventPublishingTestExecutionListener@6f037a40, org.springframework.boot.test.autoconfigure.restdocs.RestDocsTestExecutionListener@aef1df3, org.springframework.boot.test.autoconfigure.web.client.MockRestServiceServerResetTestExecutionListener@4716dbdb, org.springframework.boot.test.autoconfigure.web.servlet.MockMvcPrintOnlyOnFailureTestExecutionListener@37ef231b, org.springframework.boot.test.autoconfigure.web.servlet.WebDriverTestExecutionListener@43ca9edc, org.springframework.boot.test.autoconfigure.webservices.client.MockWebServiceServerTestExecutionListener@313813d3, org.springframework.boot.test.mock.mockito.ResetMocksTestExecutionListener@4001ce2c]
19:43:54.662 [Test worker] DEBUG org.springframework.test.context.support.AbstractDirtiesContextTestExecutionListener - Before test class: context [DefaultTestContext@3b3ce133 testClass = CarServiceImplTest, testInstance = [null], testMethod = [null], testException = [null], mergedContextConfiguration = [WebMergedContextConfiguration@32857455 testClass = CarServiceImplTest, locations = '{}', classes = '{class com.helecloud.Application}', contextInitializerClasses = '[]', activeProfiles = '{}', propertySourceLocations = '{}', propertySourceProperties = '{org.springframework.boot.test.context.SpringBootTestContextBootstrapper=true}', contextCustomizers = set[org.springframework.boot.test.autoconfigure.actuate.metrics.MetricsExportContextCustomizerFactory$DisableMetricExportContextCustomizer@59ed09bb, org.springframework.boot.test.autoconfigure.properties.PropertyMappingContextCustomizer@0, org.springframework.boot.test.autoconfigure.web.servlet.WebDriverContextCustomizerFactory$Customizer@29455e0, org.springframework.boot.test.context.filter.ExcludeFilterContextCustomizer@74d0991d, org.springframework.boot.test.json.DuplicateJsonObjectContextCustomizerFactory$DuplicateJsonObjectContextCustomizer@3cf62c01, org.springframework.boot.test.mock.mockito.MockitoContextCustomizer@0, org.springframework.boot.test.web.client.TestRestTemplateContextCustomizer@692b59d3, org.springframework.boot.test.context.SpringBootTestArgs@1, org.springframework.boot.test.context.SpringBootTestWebEnvironment@6be70c16], resourceBasePath = 'src/main/webapp', contextLoader = 'org.springframework.boot.test.context.SpringBootContextLoader', parent = [null]], attributes = map['org.springframework.test.context.web.ServletTestExecutionListener.activateListener' -> true]], class annotated with @DirtiesContext [false] with mode [null].
19:43:54.700 [Test worker] DEBUG org.springframework.test.context.support.TestPropertySourceUtils - Adding inlined properties to environment: {spring.jmx.enabled=false, org.springframework.boot.test.context.SpringBootTestContextBootstrapper=true}

  .   ____          _            __ _ _
 /\\ / ___'_ __ _ _(_)_ __  __ _ \ \ \ \
( ( )\___ | '_ | '_| | '_ \/ _` | \ \ \ \
 \\/  ___)| |_)| | | | | || (_| |  ) ) ) )
  '  |____| .__|_| |_|_| |_\__, | / / / /
 =========|_|==============|___/=/_/_/_/
 :: Spring Boot ::                (v2.5.0)

2021-08-10 19:43:55.062  INFO 130698 --- [    Test worker] c.h.Services.Car.CarServiceImplTest      : Starting CarServiceImplTest using Java 11.0.11 on dreed-pc with PID 130698 (started by dreed657 in /home/dreed657/dev/helevator_2021/Stoyan/springDemo)
2021-08-10 19:43:55.065  INFO 130698 --- [    Test worker] c.h.Services.Car.CarServiceImplTest      : No active profile set, falling back to default profiles: default
2021-08-10 19:43:55.914  INFO 130698 --- [    Test worker] .s.d.r.c.RepositoryConfigurationDelegate : Bootstrapping Spring Data JPA repositories in DEFAULT mode.
2021-08-10 19:43:55.989  INFO 130698 --- [    Test worker] .s.d.r.c.RepositoryConfigurationDelegate : Finished Spring Data repository scanning in 66 ms. Found 3 JPA repository interfaces.
2021-08-10 19:43:56.706  INFO 130698 --- [    Test worker] o.hibernate.jpa.internal.util.LogHelper  : HHH000204: Processing PersistenceUnitInfo [name: default]
2021-08-10 19:43:56.779  INFO 130698 --- [    Test worker] org.hibernate.Version                    : HHH000412: Hibernate ORM core version 5.4.31.Final
2021-08-10 19:43:56.954  INFO 130698 --- [    Test worker] o.hibernate.annotations.common.Version   : HCANN000001: Hibernate Commons Annotations {5.1.2.Final}
2021-08-10 19:43:57.088  INFO 130698 --- [    Test worker] com.zaxxer.hikari.HikariDataSource       : HikariPool-1 - Starting...
2021-08-10 19:43:57.487  INFO 130698 --- [    Test worker] com.zaxxer.hikari.HikariDataSource       : HikariPool-1 - Start completed.
2021-08-10 19:43:57.512  INFO 130698 --- [    Test worker] org.hibernate.dialect.Dialect            : HHH000400: Using dialect: org.hibernate.dialect.H2Dialect
2021-08-10 19:43:58.635  INFO 130698 --- [    Test worker] o.h.e.t.j.p.i.JtaPlatformInitiator       : HHH000490: Using JtaPlatform implementation: [org.hibernate.engine.transaction.jta.platform.internal.NoJtaPlatform]
2021-08-10 19:43:58.647  INFO 130698 --- [    Test worker] j.LocalContainerEntityManagerFactoryBean : Initialized JPA EntityManagerFactory for persistence unit 'default'
2021-08-10 19:43:59.418  WARN 130698 --- [    Test worker] JpaBaseConfiguration$JpaWebConfiguration : spring.jpa.open-in-view is enabled by default. Therefore, database queries may be performed during view rendering. Explicitly configure spring.jpa.open-in-view to disable this warning
2021-08-10 19:44:00.133  INFO 130698 --- [    Test worker] c.h.Services.Car.CarServiceImplTest      : Started CarServiceImplTest in 5.424 seconds (JVM running for 7.932)
2021-08-10 19:44:00.134  INFO 130698 --- [    Test worker] o.s.b.a.ApplicationAvailabilityBean      : Application availability state LivenessState changed to CORRECT
2021-08-10 19:44:00.136  INFO 130698 --- [    Test worker] o.s.b.a.ApplicationAvailabilityBean      : Application availability state ReadinessState changed to ACCEPTING_TRAFFIC
]]></system-out>
  <system-err><![CDATA[]]></system-err>
</testsuite>
